<?xml version="1.0" encoding="UTF-8"?>
<!-- Generated by org.testng.reporters.JUnitXMLReporter -->
<testsuite ignored="0" hostname="Photoshop" failures="1" tests="2" name="Surefire test" time="24.184" errors="0" timestamp="2025-04-16T09:18:27 CDT">
  <testcase classname="SouradiptaMaity.TestNgLearn.tests.ErrorValidationTest" name="LoginErrorValidatde" time="0.702">
    <failure type="java.lang.AssertionError" message="Incorrect email or password. expected [true] but found [false]">
      <![CDATA[java.lang.AssertionError: Incorrect email or password. expected [true] but found [false]
at Souradipta.AbstractClass.AbstractClass.ValidateErrorMessage(AbstractClass.java:56)
at Souradipta.PageObjectModel.LandingPage.LoginErrorValidation(LandingPage.java:51)
at SouradiptaMaity.TestNgLearn.tests.ErrorValidationTest.LoginErrorValidatde(ErrorValidationTest.java:17)
at java.base/java.util.ArrayList.forEach(ArrayList.java:1511)
... Removed 35 stack frames]]>
    </failure>
  </testcase> <!-- LoginErrorValidatde -->
  <testcase classname="SouradiptaMaity.TestNgLearn.tests.SubmitOrderTest" name="SubmitOrder" time="14.292"/>
</testsuite> <!-- Surefire test -->
