<?xml version="1.0" encoding="UTF-8"?>
<!-- Generated by org.testng.reporters.JUnitXMLReporter -->
<testsuite ignored="0" hostname="Photoshop" failures="1" tests="1" name="Error Validation In Login" time="6.49" errors="0" timestamp="2025-05-04T18:54:12 CDT">
  <testcase classname="SouradiptaMaity.TestNgLearn.tests.ErrorValidationTest" name="LoginErrorValidatde" time="3.746">
    <failure type="java.lang.AssertionError" message="Incorrect email or password. expected [true] but found [false]">
      <![CDATA[java.lang.AssertionError: Incorrect email or password. expected [true] but found [false]
at Souradipta.AbstractClass.AbstractClass.ValidateErrorMessage(AbstractClass.java:56)
at Souradipta.PageObjectModel.LandingPage.LoginErrorValidation(LandingPage.java:51)
at SouradiptaMaity.TestNgLearn.tests.ErrorValidationTest.LoginErrorValidatde(ErrorValidationTest.java:17)
at java.base/java.util.ArrayList.forEach(ArrayList.java:1596)
at java.base/java.util.concurrent.FutureTask.run(FutureTask.java:317)
at java.base/java.util.concurrent.ThreadPoolExecutor.runWorker(ThreadPoolExecutor.java:1144)
at java.base/java.util.concurrent.ThreadPoolExecutor$Worker.run(ThreadPoolExecutor.java:642)
at java.base/java.lang.Thread.run(Thread.java:1583)
... Removed 18 stack frames]]>
    </failure>
  </testcase> <!-- LoginErrorValidatde -->
</testsuite> <!-- Error Validation In Login -->
