<?xml version="1.0" encoding="UTF-8"?>
<testng-results ignored="0" total="2" passed="1" failed="1" skipped="0">
  <reporter-output>
  </reporter-output>
  <suite started-at="2025-04-16T09:18:03 CDT" name="Surefire suite" finished-at="2025-04-16T09:18:27 CDT" duration-ms="24184">
    <groups>
    </groups>
    <test started-at="2025-04-16T09:18:03 CDT" name="Surefire test" finished-at="2025-04-16T09:18:27 CDT" duration-ms="24184">
      <class name="SouradiptaMaity.TestNgLearn.tests.ErrorValidationTest">
        <test-method is-config="true" signature="launchApllicaton()[pri:0, instance:SouradiptaMaity.TestNgLearn.tests.ErrorValidationTest@69b2283a]" started-at="2025-04-16T09:18:03 CDT" name="launchApllicaton" finished-at="2025-04-16T09:18:08 CDT" duration-ms="5273" status="PASS">
          <reporter-output>
          </reporter-output>
        </test-method> <!-- launchApllicaton -->
        <test-method signature="LoginErrorValidatde()[pri:0, instance:SouradiptaMaity.TestNgLearn.tests.ErrorValidationTest@69b2283a]" started-at="2025-04-16T09:18:08 CDT" name="LoginErrorValidatde" finished-at="2025-04-16T09:18:09 CDT" duration-ms="702" status="FAIL">
          <exception class="java.lang.AssertionError">
            <message>
              <![CDATA[Incorrect email or password. expected [true] but found [false]]]>
            </message>
            <full-stacktrace>
              <![CDATA[java.lang.AssertionError: Incorrect email or password. expected [true] but found [false]
at org.testng.Assert.fail(Assert.java:111)
at org.testng.Assert.failNotEquals(Assert.java:1590)
at org.testng.Assert.assertTrue(Assert.java:57)
at Souradipta.AbstractClass.AbstractClass.ValidateErrorMessage(AbstractClass.java:56)
at Souradipta.PageObjectModel.LandingPage.LoginErrorValidation(LandingPage.java:51)
at SouradiptaMaity.TestNgLearn.tests.ErrorValidationTest.LoginErrorValidatde(ErrorValidationTest.java:17)
at java.base/jdk.internal.reflect.NativeMethodAccessorImpl.invoke0(Native Method)
at java.base/jdk.internal.reflect.NativeMethodAccessorImpl.invoke(NativeMethodAccessorImpl.java:77)
at java.base/jdk.internal.reflect.DelegatingMethodAccessorImpl.invoke(DelegatingMethodAccessorImpl.java:43)
at java.base/java.lang.reflect.Method.invoke(Method.java:568)
at org.testng.internal.invokers.MethodInvocationHelper.invokeMethod(MethodInvocationHelper.java:141)
at org.testng.internal.invokers.TestInvoker.invokeMethod(TestInvoker.java:687)
at org.testng.internal.invokers.TestInvoker.invokeTestMethod(TestInvoker.java:230)
at org.testng.internal.invokers.MethodRunner.runInSequence(MethodRunner.java:63)
at org.testng.internal.invokers.TestInvoker$MethodInvocationAgent.invoke(TestInvoker.java:995)
at org.testng.internal.invokers.TestInvoker.invokeTestMethods(TestInvoker.java:203)
at org.testng.internal.invokers.TestMethodWorker.invokeTestMethods(TestMethodWorker.java:154)
at org.testng.internal.invokers.TestMethodWorker.run(TestMethodWorker.java:134)
at java.base/java.util.ArrayList.forEach(ArrayList.java:1511)
at org.testng.TestRunner.privateRun(TestRunner.java:741)
at org.testng.TestRunner.run(TestRunner.java:616)
at org.testng.SuiteRunner.runTest(SuiteRunner.java:421)
at org.testng.SuiteRunner.runSequentially(SuiteRunner.java:413)
at org.testng.SuiteRunner.privateRun(SuiteRunner.java:373)
at org.testng.SuiteRunner.run(SuiteRunner.java:312)
at org.testng.SuiteRunnerWorker.runSuite(SuiteRunnerWorker.java:52)
at org.testng.SuiteRunnerWorker.run(SuiteRunnerWorker.java:95)
at org.testng.TestNG.runSuitesSequentially(TestNG.java:1274)
at org.testng.TestNG.runSuitesLocally(TestNG.java:1208)
at org.testng.TestNG.runSuites(TestNG.java:1112)
at org.testng.TestNG.run(TestNG.java:1079)
at org.apache.maven.surefire.testng.TestNGExecutor.run(TestNGExecutor.java:155)
at org.apache.maven.surefire.testng.TestNGDirectoryTestSuite.executeMulti(TestNGDirectoryTestSuite.java:169)
at org.apache.maven.surefire.testng.TestNGDirectoryTestSuite.execute(TestNGDirectoryTestSuite.java:88)
at org.apache.maven.surefire.testng.TestNGProvider.invoke(TestNGProvider.java:137)
at org.apache.maven.surefire.booter.ForkedBooter.runSuitesInProcess(ForkedBooter.java:385)
at org.apache.maven.surefire.booter.ForkedBooter.execute(ForkedBooter.java:162)
at org.apache.maven.surefire.booter.ForkedBooter.run(ForkedBooter.java:507)
at org.apache.maven.surefire.booter.ForkedBooter.main(ForkedBooter.java:495)
]]>
            </full-stacktrace>
          </exception> <!-- java.lang.AssertionError -->
          <reporter-output>
          </reporter-output>
        </test-method> <!-- LoginErrorValidatde -->
        <test-method is-config="true" signature="DriverClose()[pri:0, instance:SouradiptaMaity.TestNgLearn.tests.ErrorValidationTest@69b2283a]" started-at="2025-04-16T09:18:09 CDT" name="DriverClose" finished-at="2025-04-16T09:18:09 CDT" duration-ms="217" status="PASS">
          <reporter-output>
          </reporter-output>
        </test-method> <!-- DriverClose -->
      </class> <!-- SouradiptaMaity.TestNgLearn.tests.ErrorValidationTest -->
      <class name="SouradiptaMaity.TestNgLearn.tests.SubmitOrderTest">
        <test-method is-config="true" signature="launchApllicaton()[pri:0, instance:SouradiptaMaity.TestNgLearn.tests.SubmitOrderTest@22a637e7]" started-at="2025-04-16T09:18:09 CDT" name="launchApllicaton" finished-at="2025-04-16T09:18:13 CDT" duration-ms="3423" status="PASS">
          <reporter-output>
          </reporter-output>
        </test-method> <!-- launchApllicaton -->
        <test-method signature="SubmitOrder()[pri:0, instance:SouradiptaMaity.TestNgLearn.tests.SubmitOrderTest@22a637e7]" started-at="2025-04-16T09:18:13 CDT" name="SubmitOrder" finished-at="2025-04-16T09:18:27 CDT" duration-ms="14292" status="PASS">
          <reporter-output>
          </reporter-output>
        </test-method> <!-- SubmitOrder -->
        <test-method is-config="true" signature="DriverClose()[pri:0, instance:SouradiptaMaity.TestNgLearn.tests.SubmitOrderTest@22a637e7]" started-at="2025-04-16T09:18:27 CDT" name="DriverClose" finished-at="2025-04-16T09:18:27 CDT" duration-ms="241" status="PASS">
          <reporter-output>
          </reporter-output>
        </test-method> <!-- DriverClose -->
      </class> <!-- SouradiptaMaity.TestNgLearn.tests.SubmitOrderTest -->
    </test> <!-- Surefire test -->
  </suite> <!-- Surefire suite -->
</testng-results>
